22:23:03.518 [TestNG-tests-2] INFO  framework.e2eproject.HomePage - Login button clicked
22:23:05.217 [TestNG-tests-2] INFO  framework.e2eproject.HomePage - Account link clicked
22:23:05.535 [TestNG-tests-2] INFO  framework.e2eproject.HomePage - Login link clicked
22:23:05.719 [TestNG-tests-2] INFO  framework.e2eproject.HomePage - Email address entered
22:23:05.923 [TestNG-tests-2] INFO  framework.e2eproject.HomePage - Password entered
22:23:07.456 [TestNG-tests-2] INFO  framework.e2eproject.HomePage - Login button clicked
22:26:05.112 [TestNG-tests-5] INFO  framework.e2eproject.ValidateCostofProduct - Driver is initialized
22:26:05.112 [TestNG-tests-2] INFO  framework.e2eproject.HomePage - Driver is initialized
22:26:05.112 [TestNG-tests-1] INFO  framework.e2eproject.ValidateHeader - Driver is initialized
22:26:05.130 [TestNG-tests-3] INFO  framework.e2eproject.ValidateWelcomeMsg - Driver is initialized
22:26:05.130 [TestNG-tests-4] INFO  framework.e2eproject.MobilePageSorting - Driver is initialized
22:26:06.626 [TestNG-tests-4] INFO  framework.e2eproject.MobilePageSorting - Navigated to HomePage
22:26:06.675 [TestNG-tests-1] INFO  framework.e2eproject.ValidateHeader - Navigated to HomePage
22:26:06.952 [TestNG-tests-1] INFO  framework.e2eproject.ValidateHeader - Successfully validated Header section
22:26:07.039 [TestNG-tests-5] INFO  framework.e2eproject.ValidateCostofProduct - Navigated to HomePage
22:26:07.087 [TestNG-tests-3] INFO  framework.e2eproject.ValidateWelcomeMsg - Navigated to HomePage
22:26:07.170 [TestNG-tests-2] INFO  framework.e2eproject.HomePage - Navigated to HomePage
22:26:07.320 [TestNG-tests-3] INFO  framework.e2eproject.ValidateWelcomeMsg - Successfully validated Welcome Message
22:26:08.638 [TestNG-tests-5] INFO  framework.e2eproject.ValidateCostofProduct - Navigated to mobile page
22:26:10.071 [TestNG-tests-5] INFO  framework.e2eproject.ValidateCostofProduct - Sorting by name
22:26:10.152 [TestNG-tests-2] INFO  framework.e2eproject.HomePage - Account link clicked
22:26:10.177 [TestNG-tests-5] INFO  framework.e2eproject.ValidateCostofProduct - Cost of Sony Xperia on List Page: $100.00
22:26:11.075 [TestNG-tests-2] INFO  framework.e2eproject.HomePage - Login link clicked
22:26:11.586 [TestNG-tests-5] INFO  framework.e2eproject.ValidateCostofProduct - Navigated to Sony Xperia detail page
22:26:11.650 [TestNG-tests-4] INFO  framework.e2eproject.MobilePageSorting - Navigated to mobile page
22:26:11.813 [TestNG-tests-4] INFO  framework.e2eproject.MobilePageSorting - Mobile Page title matches
22:26:12.227 [TestNG-tests-5] INFO  framework.e2eproject.ValidateCostofProduct - Cost of Sony Xperia on Detail Page: $100.00
22:26:12.227 [TestNG-tests-5] INFO  framework.e2eproject.ValidateCostofProduct - Cost is same on both page
22:26:12.356 [TestNG-tests-2] INFO  framework.e2eproject.HomePage - Email address entered
22:26:12.600 [TestNG-tests-2] INFO  framework.e2eproject.HomePage - Password entered
22:26:12.808 [TestNG-tests-4] INFO  framework.e2eproject.MobilePageSorting - Sorting by name selected
22:26:12.955 [TestNG-tests-4] INFO  framework.e2eproject.MobilePageSorting - Products are sorted correctly
22:26:13.432 [TestNG-tests-2] INFO  framework.e2eproject.HomePage - Login button clicked
22:26:15.650 [TestNG-tests-2] INFO  framework.e2eproject.HomePage - Account link clicked
22:26:16.308 [TestNG-tests-2] INFO  framework.e2eproject.HomePage - Login link clicked
22:26:16.577 [TestNG-tests-2] INFO  framework.e2eproject.HomePage - Email address entered
22:26:16.831 [TestNG-tests-2] INFO  framework.e2eproject.HomePage - Password entered
22:26:17.691 [TestNG-tests-2] INFO  framework.e2eproject.HomePage - Login button clicked
22:27:56.798 [TestNG-tests-3] INFO  framework.e2eproject.ValidateWelcomeMsg - Driver is initialized
22:27:56.798 [TestNG-tests-2] INFO  framework.e2eproject.HomePage - Driver is initialized
22:27:56.798 [TestNG-tests-5] INFO  framework.e2eproject.ValidateCostofProduct - Driver is initialized
22:27:56.808 [TestNG-tests-4] INFO  framework.e2eproject.MobilePageSorting - Driver is initialized
22:27:56.822 [TestNG-tests-1] INFO  framework.e2eproject.ValidateHeader - Driver is initialized
22:27:58.224 [TestNG-tests-3] INFO  framework.e2eproject.ValidateWelcomeMsg - Navigated to HomePage
22:27:58.282 [TestNG-tests-2] INFO  framework.e2eproject.HomePage - Navigated to HomePage
22:27:58.343 [TestNG-tests-5] INFO  framework.e2eproject.ValidateCostofProduct - Navigated to HomePage
22:27:58.372 [TestNG-tests-4] INFO  framework.e2eproject.MobilePageSorting - Navigated to HomePage
22:27:58.390 [TestNG-tests-1] INFO  framework.e2eproject.ValidateHeader - Navigated to HomePage
22:27:58.478 [TestNG-tests-3] INFO  framework.e2eproject.ValidateWelcomeMsg - Successfully validated Welcome Message
22:27:58.500 [TestNG-tests-1] INFO  framework.e2eproject.ValidateHeader - Successfully validated Header section
22:27:58.942 [TestNG-tests-2] INFO  framework.e2eproject.HomePage - Account link clicked
