23:31:24.714 [TestNG-tests-3] INFO  framework.e2eproject.VerifyErrorMessageCart - Driver is initialized
23:31:24.818 [TestNG-tests-2] INFO  framework.e2eproject.HomePage - Login button clicked
23:31:25.953 [TestNG-tests-1] INFO  framework.e2eproject.ValidateCostofProduct - Navigated to HomePage
23:31:26.004 [TestNG-tests-3] INFO  framework.e2eproject.VerifyErrorMessageCart - Navigated to HomePage
23:31:26.183 [TestNG-tests-4] INFO  framework.e2eproject.CompareMobile - Driver is initialized
23:31:26.658 [TestNG-tests-1] INFO  framework.e2eproject.ValidateCostofProduct - Navigated to mobile page
23:31:26.701 [TestNG-tests-3] INFO  framework.e2eproject.VerifyErrorMessageCart - Navigated to Mobile page
23:31:27.466 [TestNG-tests-4] INFO  framework.e2eproject.CompareMobile - Navigated to HomePage
23:31:27.580 [TestNG-tests-3] INFO  framework.e2eproject.VerifyErrorMessageCart - Navigated to Shopping Cart page
23:31:27.925 [TestNG-tests-1] INFO  framework.e2eproject.ValidateCostofProduct - Sorting by name
23:31:27.970 [TestNG-tests-3] INFO  framework.e2eproject.VerifyErrorMessageCart - Quantity cleared
23:31:28.167 [TestNG-tests-1] INFO  framework.e2eproject.ValidateCostofProduct - Cost of Sony Xperia on List Page: $100.00
23:31:28.190 [TestNG-tests-4] INFO  framework.e2eproject.CompareMobile - Navigated to Mobile page
23:31:28.408 [TestNG-tests-3] INFO  framework.e2eproject.VerifyErrorMessageCart - Quantity updated to 1000
23:31:29.350 [TestNG-tests-4] INFO  framework.e2eproject.CompareMobile - Sony Xperia added to compare
23:31:29.535 [TestNG-tests-3] INFO  framework.e2eproject.VerifyErrorMessageCart - Update button clicked
23:31:29.596 [TestNG-tests-3] INFO  framework.e2eproject.VerifyErrorMessageCart - Error message successfully validated
23:31:30.062 [TestNG-tests-1] INFO  framework.e2eproject.ValidateCostofProduct - Navigated to Sony Xperia detail page
23:31:30.066 [TestNG-tests-4] INFO  framework.e2eproject.CompareMobile - Iphone added to compare
23:31:30.194 [TestNG-tests-3] INFO  framework.e2eproject.VerifyErrorMessageCart - Cart is empty now
23:31:30.220 [TestNG-tests-1] INFO  framework.e2eproject.ValidateCostofProduct - Cost of Sony Xperia on Detail Page: $100.00
23:31:30.221 [TestNG-tests-1] INFO  framework.e2eproject.ValidateCostofProduct - Cost is same on both page
23:31:30.266 [TestNG-tests-4] INFO  framework.e2eproject.CompareMobile - Compare button clicked
23:31:30.328 [TestNG-tests-3] INFO  framework.e2eproject.VerifyErrorMessageCart - Cart Empty message successfully validated
23:31:32.310 [TestNG-tests-4] INFO  framework.e2eproject.CompareMobile - Switched to pop up window
23:31:32.330 [TestNG-tests-4] INFO  framework.e2eproject.CompareMobile - Pop Up window title validated
23:31:32.405 [TestNG-tests-4] INFO  framework.e2eproject.CompareMobile - Sony Xperia present in compare pop up page
23:31:32.432 [TestNG-tests-4] INFO  framework.e2eproject.CompareMobile - iPhone present in compare pop up page
23:31:32.501 [TestNG-tests-4] INFO  framework.e2eproject.CompareMobile - Compare Pop Up closed
23:31:32.935 [TestNG-tests-2] INFO  framework.e2eproject.CreateAccountShareWishlist - Driver is initialized
23:31:34.572 [TestNG-tests-2] INFO  framework.e2eproject.CreateAccountShareWishlist - Navigated to HomePage
23:31:34.733 [TestNG-tests-2] INFO  framework.e2eproject.CreateAccountShareWishlist - Account is clicked
23:31:35.375 [TestNG-tests-2] INFO  framework.e2eproject.CreateAccountShareWishlist - MyAccount is clicked and Login Page is opened
23:31:36.027 [TestNG-tests-2] INFO  framework.e2eproject.CreateAccountShareWishlist - Create Account Page is opened
23:31:36.179 [TestNG-tests-2] INFO  framework.e2eproject.CreateAccountShareWishlist - First Name entered
23:31:36.612 [TestNG-tests-2] INFO  framework.e2eproject.CreateAccountShareWishlist - Last Name entered
23:31:37.116 [TestNG-tests-2] INFO  framework.e2eproject.CreateAccountShareWishlist - Email entered
23:31:37.506 [TestNG-tests-2] INFO  framework.e2eproject.CreateAccountShareWishlist - Password entered
23:31:37.749 [TestNG-tests-2] INFO  framework.e2eproject.CreateAccountShareWishlist - Confirm Password entered
23:31:38.786 [TestNG-tests-2] INFO  framework.e2eproject.CreateAccountShareWishlist - Successfully Registered
23:31:38.848 [TestNG-tests-2] INFO  framework.e2eproject.CreateAccountShareWishlist - Registration verified
23:31:39.637 [TestNG-tests-2] INFO  framework.e2eproject.CreateAccountShareWishlist - TV Page opened
23:31:40.597 [TestNG-tests-2] INFO  framework.e2eproject.CreateAccountShareWishlist - My Wish List Page opened
23:31:40.625 [TestNG-tests-2] INFO  framework.e2eproject.CreateAccountShareWishlist - Product added to Wish List
23:31:41.466 [TestNG-tests-2] INFO  framework.e2eproject.CreateAccountShareWishlist - Share Wish List page opened
23:31:41.674 [TestNG-tests-2] INFO  framework.e2eproject.CreateAccountShareWishlist - Email entered
23:31:41.829 [TestNG-tests-2] INFO  framework.e2eproject.CreateAccountShareWishlist - Message entered
